<?xml version="1.0" encoding="UTF-8"?>
<!-- Generated by org.testng.reporters.JUnitXMLReporter -->
<testsuite ignored="10" hostname="DESKTOP-42PTP2V" failures="1" tests="56" name="FullRegression" time="60.476" errors="0" timestamp="2019-10-08T17:11:01 ART">
  <testcase classname="waesqa.DeleteUserTest" name="deleteInvalidAuth" time="0.212"/>
  <testcase classname="waesqa.DeleteUserTest" name="deleteNonExistingUser" time="0.134"/>
  <testcase classname="waesqa.DeleteUserTest" name="deletePositive" time="0.178"/>
  <testcase classname="waesqa.GetAllUsersTest" name="createNewAdminUserAndGetAllUsers" time="0.212"/>
  <testcase classname="waesqa.GetAllUsersTest" name="getAllUsersInvalidAuth" time="0.105"/>
  <testcase classname="waesqa.GetAllUsersTest" name="getAllUsersPositive" time="0.15"/>
  <testcase classname="waesqa.GetUserTest" name="getEmptyUser" time="0.042"/>
  <testcase classname="waesqa.GetUserTest" name="getNonExistingUser" time="0.039"/>
  <testcase classname="waesqa.GetUserTest" name="getUserPositive" time="0.074"/>
  <testcase classname="waesqa.LoginTest" name="createUserAndLogin" time="0.239"/>
  <testcase classname="waesqa.LoginTest" name="getLoginInvalidAuth" time="0.097"/>
  <testcase classname="waesqa.LoginTest" name="loginPositive" time="0.142"/>
  <testcase classname="waesqa.SignUpTest" name="signUpPositive" time="0.166"/>
  <testcase classname="waesqa.SignUpTest" name="signUpRegressionCases_WithId" time="1.628"/>
  <testcase classname="waesqa.SignUpTest" name="signUpRegressionCases_EmptyName" time="1.603"/>
  <testcase classname="waesqa.SignUpTest" name="signUpRegressionCases_EmptyUsername" time="1.598"/>
  <testcase classname="waesqa.SignUpTest" name="signUpRegressionCases_EmptyEmail" time="0.084">
    <failure type="java.lang.AssertionError" message="expected [400] but found [201]">
      <![CDATA[java.lang.AssertionError: expected [400] but found [201]
at waesqa.SignUpTest.signUpRegressionCases(SignUpTest.java:94)
at java.base/java.util.ArrayList.forEach(ArrayList.java:1540)
... Removed 36 stack frames]]>
    </failure>
  </testcase> <!-- signUpRegressionCases_EmptyEmail -->
  <testcase classname="waesqa.SignUpTest" name="signUpRegressionCases_EmptySuperpower" time="1.616"/>
  <testcase classname="waesqa.SignUpTest" name="signUpRegressionCases_EmptyDateOfBirth" time="1.605"/>
  <testcase classname="waesqa.SignUpTest" name="signUpRegressionCases_EmptyIsAdmin" time="1.611"/>
  <testcase classname="waesqa.SignUpTest" name="signUpRegressionCases_EmptyPassword" time="1.607"/>
  <testcase classname="waesqa.SignUpTest" name="signUpRegressionCases_MissingName" time="1.6"/>
  <testcase classname="waesqa.SignUpTest" name="signUpRegressionCases_MissingUsername" time="1.586"/>
  <testcase classname="waesqa.SignUpTest" name="signUpRegressionCases_MissingEmail" time="1.532"/>
  <testcase classname="waesqa.SignUpTest" name="signUpRegressionCases_MissingSuperpower" time="1.61"/>
  <testcase classname="waesqa.SignUpTest" name="signUpRegressionCases_MissingDateOfBirth" time="1.599"/>
  <testcase classname="waesqa.SignUpTest" name="signUpRegressionCases_MissingIsAdmin" time="1.604"/>
  <testcase classname="waesqa.SignUpTest" name="signUpRegressionCases_MissingPassword" time="1.548"/>
  <testcase classname="waesqa.SignUpTest" name="signUpRegressionCases_MissingNameAndUsername" time="1.548"/>
  <testcase classname="waesqa.SignUpTest" name="signUpRegressionCases_MissingUsernameAndEmail" time="1.55"/>
  <testcase classname="waesqa.SignUpTest" name="signUpRegressionCases_MissingEmailAndSuperpower" time="1.538"/>
  <testcase classname="waesqa.SignUpTest" name="signUpRegressionCases_MissingSuperpowerAndDoB" time="1.598"/>
  <testcase classname="waesqa.SignUpTest" name="signUpRegressionCases_MissingDoBAndAdmin" time="1.598"/>
  <testcase classname="waesqa.SignUpTest" name="signUpRegressionCases_MissingAdminAndPassword" time="1.523"/>
  <testcase classname="waesqa.UpdateUserTest" name="updateUserPositive" time="0.217"/>
  <testcase classname="waesqa.UpdateUserTest" name="updateUserRegressionCases_WithId" time="1.164"/>
  <testcase classname="waesqa.UpdateUserTest" name="updateUserRegressionCases_EmptyName" time="1.166"/>
  <testcase classname="waesqa.UpdateUserTest" name="updateUserRegressionCases_EmptyUsername" time="1.168"/>
  <testcase classname="waesqa.UpdateUserTest" name="updateUserRegressionCases_EmptyEmail" time="1.17"/>
  <testcase classname="waesqa.UpdateUserTest" name="updateUserRegressionCases_EmptySuperpower" time="1.176"/>
  <testcase classname="waesqa.UpdateUserTest" name="updateUserRegressionCases_EmptyDateOfBirth" time="1.164"/>
  <testcase classname="waesqa.UpdateUserTest" name="updateUserRegressionCases_EmptyIsAdmin" time="1.167"/>
  <testcase classname="waesqa.UpdateUserTest" name="updateUserRegressionCases_EmptyPassword" time="1.168"/>
  <testcase classname="waesqa.UpdateUserTest" name="updateUserRegressionCases_MissingName" time="1.166"/>
  <testcase classname="waesqa.UpdateUserTest" name="updateUserRegressionCases_MissingUsername" time="1.174"/>
  <testcase classname="waesqa.UpdateUserTest" name="updateUserRegressionCases_MissingEmail" time="1.153"/>
  <testcase classname="waesqa.UpdateUserTest" name="updateUserRegressionCases_MissingSuperpower" time="1.163"/>
  <testcase classname="waesqa.UpdateUserTest" name="updateUserRegressionCases_MissingDateOfBirth" time="1.168"/>
  <testcase classname="waesqa.UpdateUserTest" name="updateUserRegressionCases_MissingIsAdmin" time="1.166"/>
  <testcase classname="waesqa.UpdateUserTest" name="updateUserRegressionCases_MissingPassword" time="1.171"/>
  <testcase classname="waesqa.UpdateUserTest" name="updateUserRegressionCases_MissingNameAndUsername" time="1.172"/>
  <testcase classname="waesqa.UpdateUserTest" name="updateUserRegressionCases_MissingUsernameAndEmail" time="1.156"/>
  <testcase classname="waesqa.UpdateUserTest" name="updateUserRegressionCases_MissingEmailAndSuperpower" time="1.15"/>
  <testcase classname="waesqa.UpdateUserTest" name="updateUserRegressionCases_MissingSuperpowerAndDoB" time="1.162"/>
  <testcase classname="waesqa.UpdateUserTest" name="updateUserRegressionCases_MissingDoBAndAdmin" time="1.158"/>
  <testcase classname="waesqa.UpdateUserTest" name="updateUserRegressionCases_MissingAdminAndPassword" time="1.168"/>
  <testcase classname="testutils.TestBase" name="@BeforeSuite before" time="0.0">
    <ignored/>
  </testcase> <!-- @BeforeSuite before -->
  <testcase classname="testutils.TestBase" name="@BeforeSuite before" time="0.0">
    <ignored/>
  </testcase> <!-- @BeforeSuite before -->
  <testcase classname="testutils.TestBase" name="@BeforeSuite before" time="0.0">
    <ignored/>
  </testcase> <!-- @BeforeSuite before -->
  <testcase classname="testutils.TestBase" name="@BeforeSuite before" time="0.0">
    <ignored/>
  </testcase> <!-- @BeforeSuite before -->
  <testcase classname="testutils.TestBase" name="@BeforeSuite before" time="0.0">
    <ignored/>
  </testcase> <!-- @BeforeSuite before -->
  <testcase classname="testutils.TestBase" name="@AfterSuite tearDownSuite" time="0.0">
    <ignored/>
  </testcase> <!-- @AfterSuite tearDownSuite -->
  <testcase classname="testutils.TestBase" name="@AfterSuite tearDownSuite" time="0.0">
    <ignored/>
  </testcase> <!-- @AfterSuite tearDownSuite -->
  <testcase classname="testutils.TestBase" name="@AfterSuite tearDownSuite" time="0.0">
    <ignored/>
  </testcase> <!-- @AfterSuite tearDownSuite -->
  <testcase classname="testutils.TestBase" name="@AfterSuite tearDownSuite" time="0.0">
    <ignored/>
  </testcase> <!-- @AfterSuite tearDownSuite -->
  <testcase classname="testutils.TestBase" name="@AfterSuite tearDownSuite" time="0.0">
    <ignored/>
  </testcase> <!-- @AfterSuite tearDownSuite -->
</testsuite> <!-- FullRegression -->
