<?xml version="1.0" encoding="UTF-8"?>
<!-- Generated by org.testng.reporters.JUnitXMLReporter -->
<testsuite ignored="10" hostname="DESKTOP-42PTP2V" failures="1" tests="44" name="Regression" time="34.985" errors="0" timestamp="2019-10-07T19:23:42 ART">
  <testcase classname="waesqa.DeleteUserTest" name="deleteInvalidAuth" time="0.146"/>
  <testcase classname="waesqa.DeleteUserTest" name="deleteNonExistingUser" time="0.121"/>
  <testcase classname="waesqa.DeleteUserTest" name="deletePositive" time="0.103"/>
  <testcase classname="waesqa.GetAllUsersTest" name="createNewAdminUserAndGetAllUsers" time="0.18"/>
  <testcase classname="waesqa.GetAllUsersTest" name="getAllUsersInvalidAuth" time="0.09"/>
  <testcase classname="waesqa.GetAllUsersTest" name="getAllUsersPositive" time="0.121"/>
  <testcase classname="waesqa.GetUserTest" name="getEmptyUser" time="0.043"/>
  <testcase classname="waesqa.GetUserTest" name="getNonExistingUser" time="0.038"/>
  <testcase classname="waesqa.GetUserTest" name="getUserPositive" time="0.055"/>
  <testcase classname="waesqa.LoginTest" name="createUserAndLogin" time="0.21"/>
  <testcase classname="waesqa.LoginTest" name="getLoginInvalidAuth" time="0.089"/>
  <testcase classname="waesqa.LoginTest" name="loginPositive" time="0.107"/>
  <testcase classname="waesqa.SignUpTest" name="signUpPositive" time="0.175"/>
  <testcase classname="waesqa.SignUpTest" name="signUpRegressionCases_WithId" time="1.103"/>
  <testcase classname="waesqa.SignUpTest" name="signUpRegressionCases_EmptyName" time="1.099"/>
  <testcase classname="waesqa.SignUpTest" name="signUpRegressionCases_EmptyUsername" time="1.098"/>
  <testcase classname="waesqa.SignUpTest" name="signUpRegressionCases_EmptyEmail" time="0.032">
    <failure type="java.lang.AssertionError" message="expected [201] but found [403]">
      <![CDATA[java.lang.AssertionError: expected [201] but found [403]
at waesqa.SignUpTest.signUpRegressionCases(SignUpTest.java:96)
at java.base/java.util.ArrayList.forEach(ArrayList.java:1540)
... Removed 36 stack frames]]>
    </failure>
  </testcase> <!-- signUpRegressionCases_EmptyEmail -->
  <testcase classname="waesqa.SignUpTest" name="signUpRegressionCases_EmptySuperpower" time="1.125"/>
  <testcase classname="waesqa.SignUpTest" name="signUpRegressionCases_EmptyDateOfBirth" time="1.098"/>
  <testcase classname="waesqa.SignUpTest" name="signUpRegressionCases_EmptyIsAdmin" time="1.1"/>
  <testcase classname="waesqa.SignUpTest" name="signUpRegressionCases_EmptyPassword" time="1.095"/>
  <testcase classname="waesqa.SignUpTest" name="signUpRegressionCases_MissingName" time="1.104"/>
  <testcase classname="waesqa.SignUpTest" name="signUpRegressionCases_MissingUsername" time="1.099"/>
  <testcase classname="waesqa.SignUpTest" name="signUpRegressionCases_MissingEmail" time="1.127"/>
  <testcase classname="waesqa.SignUpTest" name="signUpRegressionCases_MissingSuperpower" time="1.098"/>
  <testcase classname="waesqa.SignUpTest" name="signUpRegressionCases_MissingDateOfBirth" time="1.097"/>
  <testcase classname="waesqa.SignUpTest" name="signUpRegressionCases_MissingIsAdmin" time="1.096"/>
  <testcase classname="waesqa.SignUpTest" name="signUpRegressionCases_MissingPassword" time="1.096"/>
  <testcase classname="waesqa.UpdateUserTest" name="updateUserPositive" time="0.188"/>
  <testcase classname="waesqa.UpdateUserTest" name="updateUserRegressionCases_WithId" time="1.079"/>
  <testcase classname="waesqa.UpdateUserTest" name="updateUserRegressionCases_EmptyName" time="1.084"/>
  <testcase classname="waesqa.UpdateUserTest" name="updateUserRegressionCases_EmptyUsername" time="1.094"/>
  <testcase classname="waesqa.UpdateUserTest" name="updateUserRegressionCases_EmptyEmail" time="1.073"/>
  <testcase classname="waesqa.UpdateUserTest" name="updateUserRegressionCases_EmptySuperpower" time="1.077"/>
  <testcase classname="waesqa.UpdateUserTest" name="updateUserRegressionCases_EmptyDateOfBirth" time="1.076"/>
  <testcase classname="waesqa.UpdateUserTest" name="updateUserRegressionCases_EmptyIsAdmin" time="1.075"/>
  <testcase classname="waesqa.UpdateUserTest" name="updateUserRegressionCases_EmptyPassword" time="1.076"/>
  <testcase classname="waesqa.UpdateUserTest" name="updateUserRegressionCases_MissingName" time="1.075"/>
  <testcase classname="waesqa.UpdateUserTest" name="updateUserRegressionCases_MissingUsername" time="1.076"/>
  <testcase classname="waesqa.UpdateUserTest" name="updateUserRegressionCases_MissingEmail" time="1.077"/>
  <testcase classname="waesqa.UpdateUserTest" name="updateUserRegressionCases_MissingSuperpower" time="1.081"/>
  <testcase classname="waesqa.UpdateUserTest" name="updateUserRegressionCases_MissingDateOfBirth" time="1.081"/>
  <testcase classname="waesqa.UpdateUserTest" name="updateUserRegressionCases_MissingIsAdmin" time="1.072"/>
  <testcase classname="waesqa.UpdateUserTest" name="updateUserRegressionCases_MissingPassword" time="1.078"/>
  <testcase classname="testutils.TestBase" name="@BeforeSuite before" time="0.0">
    <ignored/>
  </testcase> <!-- @BeforeSuite before -->
  <testcase classname="testutils.TestBase" name="@BeforeSuite before" time="0.0">
    <ignored/>
  </testcase> <!-- @BeforeSuite before -->
  <testcase classname="testutils.TestBase" name="@BeforeSuite before" time="0.0">
    <ignored/>
  </testcase> <!-- @BeforeSuite before -->
  <testcase classname="testutils.TestBase" name="@BeforeSuite before" time="0.0">
    <ignored/>
  </testcase> <!-- @BeforeSuite before -->
  <testcase classname="testutils.TestBase" name="@BeforeSuite before" time="0.0">
    <ignored/>
  </testcase> <!-- @BeforeSuite before -->
  <testcase classname="testutils.TestBase" name="@AfterSuite tearDownSuite" time="0.0">
    <ignored/>
  </testcase> <!-- @AfterSuite tearDownSuite -->
  <testcase classname="testutils.TestBase" name="@AfterSuite tearDownSuite" time="0.0">
    <ignored/>
  </testcase> <!-- @AfterSuite tearDownSuite -->
  <testcase classname="testutils.TestBase" name="@AfterSuite tearDownSuite" time="0.0">
    <ignored/>
  </testcase> <!-- @AfterSuite tearDownSuite -->
  <testcase classname="testutils.TestBase" name="@AfterSuite tearDownSuite" time="0.0">
    <ignored/>
  </testcase> <!-- @AfterSuite tearDownSuite -->
  <testcase classname="testutils.TestBase" name="@AfterSuite tearDownSuite" time="0.0">
    <ignored/>
  </testcase> <!-- @AfterSuite tearDownSuite -->
</testsuite> <!-- Regression -->
