<?xml version="1.0" encoding="UTF-8"?>
<!-- Generated by org.testng.reporters.JUnitXMLReporter -->
<testsuite ignored="20" hostname="DESKTOP-42PTP2V" failures="0" tests="6" name="Smoke" time="2.015" errors="0" timestamp="2019-10-08T17:13:45 ART">
  <testcase classname="waesqa.DeleteUserTest" name="@BeforeClass beforeClass" time="0.826">
    <failure type="java.lang.AssertionError" message="expected [201] but found [403]">
      <![CDATA[java.lang.AssertionError: expected [201] but found [403]
at waesqa.DeleteUserTest.beforeClass(DeleteUserTest.java:36)
at java.base/java.util.ArrayList.forEach(ArrayList.java:1540)
... Removed 34 stack frames]]>
    </failure>
  </testcase> <!-- @BeforeClass beforeClass -->
  <testcase classname="testutils.TestBase" name="@BeforeMethod BeforeMethod" time="-1.570565624461E9">
    <skipped/>
  </testcase> <!-- @BeforeMethod BeforeMethod -->
  <testcase classname="testutils.TestBase" name="@AfterMethod endTest" time="-1.570565624464E9">
    <skipped/>
  </testcase> <!-- @AfterMethod endTest -->
  <testcase classname="waesqa.DeleteUserTest" name="deletePositive" time="0.0">
    <skipped/>
  </testcase> <!-- deletePositive -->
  <testcase classname="waesqa.GetUserTest" name="getUserPositive" time="0.301"/>
  <testcase classname="waesqa.GetAllUsersTest" name="getAllUsersPositive" time="0.168"/>
  <testcase classname="waesqa.LoginTest" name="loginPositive" time="0.141"/>
  <testcase classname="waesqa.SignUpTest" name="signUpPositive" time="0.177"/>
  <testcase classname="waesqa.UpdateUserTest" name="updateUserPositive" time="0.239"/>
  <testcase classname="waesqa.UpdateUserTest" name="updateUserRegressionCases" time="0.0">
    <ignored/>
  </testcase> <!-- updateUserRegressionCases -->
  <testcase classname="waesqa.DeleteUserTest" name="deleteInvalidAuth" time="0.0">
    <ignored/>
  </testcase> <!-- deleteInvalidAuth -->
  <testcase classname="testutils.TestBase" name="@AfterSuite tearDownSuite" time="0.0">
    <ignored/>
  </testcase> <!-- @AfterSuite tearDownSuite -->
  <testcase classname="testutils.TestBase" name="@AfterSuite tearDownSuite" time="0.0">
    <ignored/>
  </testcase> <!-- @AfterSuite tearDownSuite -->
  <testcase classname="testutils.TestBase" name="@AfterSuite tearDownSuite" time="0.0">
    <ignored/>
  </testcase> <!-- @AfterSuite tearDownSuite -->
  <testcase classname="testutils.TestBase" name="@AfterSuite tearDownSuite" time="0.0">
    <ignored/>
  </testcase> <!-- @AfterSuite tearDownSuite -->
  <testcase classname="testutils.TestBase" name="@AfterSuite tearDownSuite" time="0.0">
    <ignored/>
  </testcase> <!-- @AfterSuite tearDownSuite -->
  <testcase classname="waesqa.DeleteUserTest" name="deleteNonExistingUser" time="0.0">
    <ignored/>
  </testcase> <!-- deleteNonExistingUser -->
  <testcase classname="waesqa.GetAllUsersTest" name="getAllUsersInvalidAuth" time="0.0">
    <ignored/>
  </testcase> <!-- getAllUsersInvalidAuth -->
  <testcase classname="waesqa.GetAllUsersTest" name="createNewAdminUserAndGetAllUsers" time="0.0">
    <ignored/>
  </testcase> <!-- createNewAdminUserAndGetAllUsers -->
  <testcase classname="waesqa.GetUserTest" name="getNonExistingUser" time="0.0">
    <ignored/>
  </testcase> <!-- getNonExistingUser -->
  <testcase classname="testutils.TestBase" name="@BeforeSuite before" time="0.0">
    <ignored/>
  </testcase> <!-- @BeforeSuite before -->
  <testcase classname="testutils.TestBase" name="@BeforeSuite before" time="0.0">
    <ignored/>
  </testcase> <!-- @BeforeSuite before -->
  <testcase classname="testutils.TestBase" name="@BeforeSuite before" time="0.0">
    <ignored/>
  </testcase> <!-- @BeforeSuite before -->
  <testcase classname="testutils.TestBase" name="@BeforeSuite before" time="0.0">
    <ignored/>
  </testcase> <!-- @BeforeSuite before -->
  <testcase classname="testutils.TestBase" name="@BeforeSuite before" time="0.0">
    <ignored/>
  </testcase> <!-- @BeforeSuite before -->
  <testcase classname="waesqa.SignUpTest" name="signUpRegressionCases" time="0.0">
    <ignored/>
  </testcase> <!-- signUpRegressionCases -->
  <testcase classname="waesqa.LoginTest" name="getLoginInvalidAuth" time="0.0">
    <ignored/>
  </testcase> <!-- getLoginInvalidAuth -->
  <testcase classname="waesqa.LoginTest" name="createUserAndLogin" time="0.0">
    <ignored/>
  </testcase> <!-- createUserAndLogin -->
  <testcase classname="waesqa.GetUserTest" name="getEmptyUser" time="0.0">
    <ignored/>
  </testcase> <!-- getEmptyUser -->
</testsuite> <!-- Smoke -->
