<?xml version="1.0" encoding="UTF-8"?>
<!-- Generated by org.testng.reporters.JUnitXMLReporter -->
<testsuite ignored="10" hostname="DESKTOP-42PTP2V" failures="1" tests="44" name="Regression" time="35.048" errors="0" timestamp="2019-10-07T23:21:47 ART">
  <testcase classname="waesqa.DeleteUserTest" name="@BeforeClass beforeClass" time="0.991">
    <failure type="java.lang.NullPointerException">
      <![CDATA[java.lang.NullPointerException
at utils.WaesHeroesAPIs.reportLog(WaesHeroesAPIs.java:161)
at utils.WaesHeroesAPIs.postSignUp(WaesHeroesAPIs.java:100)
at waesqa.DeleteUserTest.beforeClass(DeleteUserTest.java:33)
at java.base/java.util.ArrayList.forEach(ArrayList.java:1540)
... Removed 24 stack frames]]>
    </failure>
  </testcase> <!-- @BeforeClass beforeClass -->
  <testcase classname="testutils.TestBase" name="@BeforeMethod BeforeMethod" time="-1.570501273609E9">
    <skipped/>
  </testcase> <!-- @BeforeMethod BeforeMethod -->
  <testcase classname="testutils.TestBase" name="@AfterMethod endTest" time="-1.570501273611E9">
    <skipped/>
  </testcase> <!-- @AfterMethod endTest -->
  <testcase classname="testutils.TestBase" name="@BeforeMethod BeforeMethod" time="-1.570501273612E9">
    <skipped/>
  </testcase> <!-- @BeforeMethod BeforeMethod -->
  <testcase classname="testutils.TestBase" name="@AfterMethod endTest" time="-1.570501273613E9">
    <skipped/>
  </testcase> <!-- @AfterMethod endTest -->
  <testcase classname="testutils.TestBase" name="@BeforeMethod BeforeMethod" time="-1.570501273613E9">
    <skipped/>
  </testcase> <!-- @BeforeMethod BeforeMethod -->
  <testcase classname="testutils.TestBase" name="@AfterMethod endTest" time="-1.570501273614E9">
    <skipped/>
  </testcase> <!-- @AfterMethod endTest -->
  <testcase classname="waesqa.DeleteUserTest" name="deleteInvalidAuth" time="0.0">
    <skipped/>
  </testcase> <!-- deleteInvalidAuth -->
  <testcase classname="waesqa.DeleteUserTest" name="deleteNonExistingUser" time="0.0">
    <skipped/>
  </testcase> <!-- deleteNonExistingUser -->
  <testcase classname="waesqa.DeleteUserTest" name="deletePositive" time="0.001">
    <skipped/>
  </testcase> <!-- deletePositive -->
  <testcase classname="waesqa.GetAllUsersTest" name="createNewAdminUserAndGetAllUsers" time="0.413"/>
  <testcase classname="waesqa.GetAllUsersTest" name="getAllUsersInvalidAuth" time="0.115"/>
  <testcase classname="waesqa.GetAllUsersTest" name="getAllUsersPositive" time="0.166"/>
  <testcase classname="waesqa.GetUserTest" name="getEmptyUser" time="0.066"/>
  <testcase classname="waesqa.GetUserTest" name="getNonExistingUser" time="0.035"/>
  <testcase classname="waesqa.GetUserTest" name="getUserPositive" time="0.074"/>
  <testcase classname="waesqa.LoginTest" name="createUserAndLogin" time="0.2"/>
  <testcase classname="waesqa.LoginTest" name="getLoginInvalidAuth" time="0.095"/>
  <testcase classname="waesqa.LoginTest" name="loginPositive" time="0.112"/>
  <testcase classname="waesqa.SignUpTest" name="signUpPositive" time="0.143"/>
  <testcase classname="waesqa.SignUpTest" name="signUpRegressionCases_WithId" time="1.11"/>
  <testcase classname="waesqa.SignUpTest" name="signUpRegressionCases_EmptyName" time="1.124"/>
  <testcase classname="waesqa.SignUpTest" name="signUpRegressionCases_EmptyUsername" time="1.12"/>
  <testcase classname="waesqa.SignUpTest" name="signUpRegressionCases_EmptyEmail" time="1.108"/>
  <testcase classname="waesqa.SignUpTest" name="signUpRegressionCases_EmptySuperpower" time="1.102"/>
  <testcase classname="waesqa.SignUpTest" name="signUpRegressionCases_EmptyDateOfBirth" time="1.109"/>
  <testcase classname="waesqa.SignUpTest" name="signUpRegressionCases_EmptyIsAdmin" time="1.105"/>
  <testcase classname="waesqa.SignUpTest" name="signUpRegressionCases_EmptyPassword" time="1.106"/>
  <testcase classname="waesqa.SignUpTest" name="signUpRegressionCases_MissingName" time="0.014">
    <failure type="java.lang.AssertionError" message="expected [201] but found [403]">
      <![CDATA[java.lang.AssertionError: expected [201] but found [403]
at waesqa.SignUpTest.signUpRegressionCases(SignUpTest.java:96)
at java.base/java.util.ArrayList.forEach(ArrayList.java:1540)
... Removed 31 stack frames]]>
    </failure>
  </testcase> <!-- signUpRegressionCases_MissingName -->
  <testcase classname="waesqa.SignUpTest" name="signUpRegressionCases_MissingUsername" time="1.107"/>
  <testcase classname="waesqa.SignUpTest" name="signUpRegressionCases_MissingEmail" time="1.108"/>
  <testcase classname="waesqa.SignUpTest" name="signUpRegressionCases_MissingSuperpower" time="1.141"/>
  <testcase classname="waesqa.SignUpTest" name="signUpRegressionCases_MissingDateOfBirth" time="1.108"/>
  <testcase classname="waesqa.SignUpTest" name="signUpRegressionCases_MissingIsAdmin" time="1.101"/>
  <testcase classname="waesqa.SignUpTest" name="signUpRegressionCases_MissingPassword" time="1.108"/>
  <testcase classname="waesqa.UpdateUserTest" name="updateUserPositive" time="0.215"/>
  <testcase classname="waesqa.UpdateUserTest" name="updateUserRegressionCases_WithId" time="1.078"/>
  <testcase classname="waesqa.UpdateUserTest" name="updateUserRegressionCases_EmptyName" time="1.098"/>
  <testcase classname="waesqa.UpdateUserTest" name="updateUserRegressionCases_EmptyUsername" time="1.079"/>
  <testcase classname="waesqa.UpdateUserTest" name="updateUserRegressionCases_EmptyEmail" time="1.078"/>
  <testcase classname="waesqa.UpdateUserTest" name="updateUserRegressionCases_EmptySuperpower" time="1.084"/>
  <testcase classname="waesqa.UpdateUserTest" name="updateUserRegressionCases_EmptyDateOfBirth" time="1.078"/>
  <testcase classname="waesqa.UpdateUserTest" name="updateUserRegressionCases_EmptyIsAdmin" time="1.082"/>
  <testcase classname="waesqa.UpdateUserTest" name="updateUserRegressionCases_EmptyPassword" time="1.08"/>
  <testcase classname="waesqa.UpdateUserTest" name="updateUserRegressionCases_MissingName" time="1.082"/>
  <testcase classname="waesqa.UpdateUserTest" name="updateUserRegressionCases_MissingUsername" time="1.08"/>
  <testcase classname="waesqa.UpdateUserTest" name="updateUserRegressionCases_MissingEmail" time="1.082"/>
  <testcase classname="waesqa.UpdateUserTest" name="updateUserRegressionCases_MissingSuperpower" time="1.079"/>
  <testcase classname="waesqa.UpdateUserTest" name="updateUserRegressionCases_MissingDateOfBirth" time="1.081"/>
  <testcase classname="waesqa.UpdateUserTest" name="updateUserRegressionCases_MissingIsAdmin" time="1.08"/>
  <testcase classname="waesqa.UpdateUserTest" name="updateUserRegressionCases_MissingPassword" time="1.081"/>
  <testcase classname="testutils.TestBase" name="@BeforeSuite before" time="0.0">
    <ignored/>
  </testcase> <!-- @BeforeSuite before -->
  <testcase classname="testutils.TestBase" name="@BeforeSuite before" time="0.0">
    <ignored/>
  </testcase> <!-- @BeforeSuite before -->
  <testcase classname="testutils.TestBase" name="@BeforeSuite before" time="0.0">
    <ignored/>
  </testcase> <!-- @BeforeSuite before -->
  <testcase classname="testutils.TestBase" name="@BeforeSuite before" time="0.0">
    <ignored/>
  </testcase> <!-- @BeforeSuite before -->
  <testcase classname="testutils.TestBase" name="@BeforeSuite before" time="0.0">
    <ignored/>
  </testcase> <!-- @BeforeSuite before -->
  <testcase classname="testutils.TestBase" name="@AfterSuite tearDownSuite" time="0.0">
    <ignored/>
  </testcase> <!-- @AfterSuite tearDownSuite -->
  <testcase classname="testutils.TestBase" name="@AfterSuite tearDownSuite" time="0.0">
    <ignored/>
  </testcase> <!-- @AfterSuite tearDownSuite -->
  <testcase classname="testutils.TestBase" name="@AfterSuite tearDownSuite" time="0.0">
    <ignored/>
  </testcase> <!-- @AfterSuite tearDownSuite -->
  <testcase classname="testutils.TestBase" name="@AfterSuite tearDownSuite" time="0.0">
    <ignored/>
  </testcase> <!-- @AfterSuite tearDownSuite -->
  <testcase classname="testutils.TestBase" name="@AfterSuite tearDownSuite" time="0.0">
    <ignored/>
  </testcase> <!-- @AfterSuite tearDownSuite -->
</testsuite> <!-- Regression -->
