<?xml version="1.0" encoding="UTF-8"?>
<!-- Generated by org.testng.reporters.JUnitReportReporter -->
<testsuite hostname="DESKTOP-42PTP2V" failures="1" tests="22" name="waesqa.SignUpTest" time="34.013" errors="0" timestamp="2019-10-08T16:09:04 ART" skipped="0">
  <testcase classname="waesqa.SignUpTest" name="signUpRegressionCases" time="1.542"/>
  <testcase classname="waesqa.SignUpTest" name="signUpRegressionCases" time="1.663"/>
  <testcase classname="waesqa.SignUpTest" name="signUpRegressionCases" time="1.698"/>
  <testcase classname="waesqa.SignUpTest" name="signUpRegressionCases" time="1.539"/>
  <testcase classname="waesqa.SignUpTest" name="signUpRegressionCases" time="1.652"/>
  <testcase classname="waesqa.SignUpTest" name="signUpRegressionCases" time="0.042">
    <failure message="expected [400] but found [403]" type="java.lang.AssertionError">
      <![CDATA[java.lang.AssertionError: expected [400] but found [403]
at org.testng.Assert.fail(Assert.java:97)
at org.testng.Assert.assertEqualsImpl(Assert.java:136)
at org.testng.Assert.assertEquals(Assert.java:118)
at org.testng.Assert.assertEquals(Assert.java:839)
at org.testng.Assert.assertEquals(Assert.java:849)
at waesqa.SignUpTest.signUpRegressionCases(SignUpTest.java:94)
at java.base/jdk.internal.reflect.NativeMethodAccessorImpl.invoke0(Native Method)
at java.base/jdk.internal.reflect.NativeMethodAccessorImpl.invoke(NativeMethodAccessorImpl.java:62)
at java.base/jdk.internal.reflect.DelegatingMethodAccessorImpl.invoke(DelegatingMethodAccessorImpl.java:43)
at java.base/java.lang.reflect.Method.invoke(Method.java:566)
at org.testng.internal.MethodInvocationHelper.invokeMethod(MethodInvocationHelper.java:133)
at org.testng.internal.TestInvoker.invokeMethod(TestInvoker.java:584)
at org.testng.internal.TestInvoker.invokeTestMethod(TestInvoker.java:172)
at org.testng.internal.MethodRunner.runInSequence(MethodRunner.java:46)
at org.testng.internal.TestInvoker$MethodInvocationAgent.invoke(TestInvoker.java:804)
at org.testng.internal.TestInvoker.invokeTestMethods(TestInvoker.java:145)
at org.testng.internal.TestMethodWorker.invokeTestMethods(TestMethodWorker.java:146)
at org.testng.internal.TestMethodWorker.run(TestMethodWorker.java:128)
at java.base/java.util.ArrayList.forEach(ArrayList.java:1540)
at org.testng.TestRunner.privateRun(TestRunner.java:770)
at org.testng.TestRunner.run(TestRunner.java:591)
at org.testng.SuiteRunner.runTest(SuiteRunner.java:402)
at org.testng.SuiteRunner.runSequentially(SuiteRunner.java:396)
at org.testng.SuiteRunner.privateRun(SuiteRunner.java:355)
at org.testng.SuiteRunner.run(SuiteRunner.java:304)
at org.testng.SuiteRunnerWorker.runSuite(SuiteRunnerWorker.java:53)
at org.testng.SuiteRunnerWorker.run(SuiteRunnerWorker.java:96)
at org.testng.TestNG.runSuitesSequentially(TestNG.java:1180)
at org.testng.TestNG.runSuitesLocally(TestNG.java:1102)
at org.testng.TestNG.runSuites(TestNG.java:1032)
at org.testng.TestNG.run(TestNG.java:1000)
at org.testng.IDEARemoteTestNG.run(IDEARemoteTestNG.java:73)
at org.testng.RemoteTestNGStarter.main(RemoteTestNGStarter.java:123)
]]>
    </failure>
  </testcase> <!-- signUpRegressionCases -->
  <testcase classname="waesqa.SignUpTest" name="signUpRegressionCases" time="1.628"/>
  <testcase classname="waesqa.SignUpTest" name="signUpRegressionCases" time="1.661"/>
  <testcase classname="waesqa.SignUpTest" name="signUpRegressionCases" time="1.644"/>
  <testcase classname="waesqa.SignUpTest" name="signUpRegressionCases" time="1.542"/>
  <testcase classname="waesqa.SignUpTest" name="signUpPositive" time="1.551"/>
  <testcase classname="waesqa.SignUpTest" name="signUpRegressionCases" time="1.677"/>
  <testcase classname="waesqa.SignUpTest" name="signUpRegressionCases" time="1.544"/>
  <testcase classname="waesqa.SignUpTest" name="signUpRegressionCases" time="1.537"/>
  <testcase classname="waesqa.SignUpTest" name="signUpRegressionCases" time="1.644"/>
  <testcase classname="waesqa.SignUpTest" name="signUpRegressionCases" time="1.704"/>
  <testcase classname="waesqa.SignUpTest" name="signUpRegressionCases" time="1.545"/>
  <testcase classname="waesqa.SignUpTest" name="signUpRegressionCases" time="1.665"/>
  <testcase classname="waesqa.SignUpTest" name="signUpRegressionCases" time="1.663"/>
  <testcase classname="waesqa.SignUpTest" name="signUpRegressionCases" time="1.674"/>
  <testcase classname="waesqa.SignUpTest" name="signUpRegressionCases" time="1.655"/>
  <testcase classname="waesqa.SignUpTest" name="signUpRegressionCases" time="1.543"/>
</testsuite> <!-- waesqa.SignUpTest -->
